# JRE version: OpenJDK Runtime Environment (21.0.9+10) (build 21.0.9+10)
# Java VM: OpenJDK 64-Bit Server VM (21.0.9+10, mixed mode, sharing, tiered, compressed oops, compressed class ptrs, g1 gc, linux-amd64)
Heap:
 garbage-first heap   total 92160K, used 20870K [0x000000070b200000, 0x0000000800000000)
  region size 2048K, 5 young (10240K), 3 survivors (6144K)
 Metaspace       used 28750K, committed 29120K, reserved 1114112K
  class space    used 3135K, committed 3328K, reserved 1048576K
GC Heap History (12 events):
Event: 0.324 GC heap before
{Heap before GC invocations=0 (full 0):
 garbage-first heap   total 253952K, used 23601K [0x000000070b200000, 0x0000000800000000)
  region size 2048K, 11 young (22528K), 0 survivors (0K)
 Metaspace       used 5811K, committed 6016K, reserved 1114112K
  class space    used 677K, committed 768K, reserved 1048576K
}
Event: 0.326 GC heap after
{Heap after GC invocations=1 (full 0):
 garbage-first heap   total 253952K, used 4404K [0x000000070b200000, 0x0000000800000000)
  region size 2048K, 2 young (4096K), 2 survivors (4096K)
 Metaspace       used 5811K, committed 6016K, reserved 1114112K
  class space    used 677K, committed 768K, reserved 1048576K
}
Event: 0.811 GC heap before
{Heap before GC invocations=1 (full 0):
 garbage-first heap   total 253952K, used 57652K [0x000000070b200000, 0x0000000800000000)
  region size 2048K, 28 young (57344K), 2 survivors (4096K)
 Metaspace       used 15033K, committed 15232K, reserved 1114112K
  class space    used 1804K, committed 1920K, reserved 1048576K
}
Event: 0.816 GC heap after
{Heap after GC invocations=2 (full 0):
 garbage-first heap   total 253952K, used 8621K [0x000000070b200000, 0x0000000800000000)
  region size 2048K, 4 young (8192K), 4 survivors (8192K)
 Metaspace       used 15033K, committed 15232K, reserved 1114112K
  class space    used 1804K, committed 1920K, reserved 1048576K
}
Event: 1.134 GC heap before
{Heap before GC invocations=2 (full 0):
 garbage-first heap   total 253952K, used 25005K [0x000000070b200000, 0x0000000800000000)
  region size 2048K, 13 young (26624K), 4 survivors (8192K)
 Metaspace       used 21275K, committed 21504K, reserved 1114112K
  class space    used 2545K, committed 2688K, reserved 1048576K
}
Event: 1.139 GC heap after
{Heap after GC invocations=3 (full 0):
 garbage-first heap   total 253952K, used 12289K [0x000000070b200000, 0x0000000800000000)
  region size 2048K, 6 young (12288K), 6 survivors (12288K)
 Metaspace       used 21275K, committed 21504K, reserved 1114112K
  class space    used 2545K, committed 2688K, reserved 1048576K
}
Event: 1.574 GC heap before
{Heap before GC invocations=4 (full 0):
 garbage-first heap   total 49152K, used 47105K [0x000000070b200000, 0x0000000800000000)
  region size 2048K, 23 young (47104K), 6 survivors (12288K)
 Metaspace       used 24254K, committed 24576K, reserved 1114112K
  class space    used 2834K, committed 3008K, reserved 1048576K
}
Event: 1.581 GC heap after
{Heap after GC invocations=5 (full 0):
 garbage-first heap   total 65536K, used 15997K [0x000000070b200000, 0x0000000800000000)
  region size 2048K, 8 young (16384K), 8 survivors (16384K)
 Metaspace       used 24254K, committed 24576K, reserved 1114112K
  class space    used 2834K, committed 3008K, reserved 1048576K
}
Event: 1.665 GC heap before
{Heap before GC invocations=5 (full 0):
 garbage-first heap   total 65536K, used 38525K [0x000000070b200000, 0x0000000800000000)
  region size 2048K, 19 young (38912K), 8 survivors (16384K)
 Metaspace       used 24762K, committed 25088K, reserved 1114112K
  class space    used 2855K, committed 3008K, reserved 1048576K
}
Event: 1.674 GC heap after
{Heap after GC invocations=6 (full 0):
 garbage-first heap   total 65536K, used 14860K [0x000000070b200000, 0x0000000800000000)
  region size 2048K, 2 young (4096K), 2 survivors (4096K)
 Metaspace       used 24762K, committed 25088K, reserved 1114112K
  class space    used 2855K, committed 3008K, reserved 1048576K
}
Event: 2.200 GC heap before
{Heap before GC invocations=6 (full 0):
 garbage-first heap   total 65536K, used 49676K [0x000000070b200000, 0x0000000800000000)
  region size 2048K, 19 young (38912K), 2 survivors (4096K)
 Metaspace       used 28021K, committed 28416K, reserved 1114112K
  class space    used 3127K, committed 3328K, reserved 1048576K
}
Event: 2.202 GC heap after
{Heap after GC invocations=7 (full 0):
 garbage-first heap   total 92160K, used 18822K [0x000000070b200000, 0x0000000800000000)
  region size 2048K, 3 young (6144K), 3 survivors (6144K)
 Metaspace       used 28021K, committed 28416K, reserved 1114112K
  class space    used 3127K, committed 3328K, reserved 1048576K
}

